# JRE version: Java(TM) SE Runtime Environment (8.0_20-b26) (build 1.8.0_20-b26)
# Java VM: Java HotSpot(TM) Client VM (25.20-b23 mixed mode, sharing windows-x86 )
Heap:
 def new generation   total 41216K, used 37353K [0x04400000, 0x070b0000, 0x09950000)
  eden space 36672K,  99% used [0x04400000, 0x0677d4e8, 0x067d0000)
  from space 4544K,  22% used [0x06c40000, 0x06d3d040, 0x070b0000)
  to   space 4544K,   0% used [0x067d0000, 0x067d0000, 0x06c40000)
 tenured generation   total 91436K, used 81060K [0x09950000, 0x0f29b000, 0x14400000)
   the space 91436K,  88% used [0x09950000, 0x0e879020, 0x0e879200, 0x0f29b000)
 Metaspace       used 13293K, capacity 13415K, committed 13440K, reserved 13696K
GC Heap History (10 events):
Event: 8.000 GC heap before
{Heap before GC invocations=67 (full 7):
 def new generation   total 41216K, used 38547K [0x04400000, 0x070b0000, 0x09950000)
  eden space 36672K, 100% used [0x04400000, 0x067d0000, 0x067d0000)
  from space 4544K,  41% used [0x067d0000, 0x069a4ea8, 0x06c40000)
  to   space 4544K,   0% used [0x06c40000, 0x06c40000, 0x070b0000)
 tenured generation   total 91436K, used 76334K [0x09950000, 0x0f29b000, 0x14400000)
   the space 91436K,  83% used [0x09950000, 0x0e3db8c8, 0x0e3dba00, 0x0f29b000)
 Metaspace       used 12968K, capacity 13095K, committed 13184K, reserved 13696K
Event: 8.004 GC heap after
Heap after GC invocations=68 (full 7):
 def new generation   total 41216K, used 4087K [0x04400000, 0x070b0000, 0x09950000)
  eden space 36672K,   0% used [0x04400000, 0x04400000, 0x067d0000)
  from space 4544K,  89% used [0x06c40000, 0x0703dfd8, 0x070b0000)
  to   space 4544K,   0% used [0x067d0000, 0x067d0000, 0x06c40000)
 tenured generation   total 91436K, used 76334K [0x09950000, 0x0f29b000, 0x14400000)
   the space 91436K,  83% used [0x09950000, 0x0e3db8c8, 0x0e3dba00, 0x0f29b000)
 Metaspace       used 12968K, capacity 13095K, committed 13184K, reserved 13696K
}
Event: 8.528 GC heap before
{Heap before GC invocations=68 (full 7):
 def new generation   total 41216K, used 40759K [0x04400000, 0x070b0000, 0x09950000)
  eden space 36672K, 100% used [0x04400000, 0x067d0000, 0x067d0000)
  from space 4544K,  89% used [0x06c40000, 0x0703dfd8, 0x070b0000)
  to   space 4544K,   0% used [0x067d0000, 0x067d0000, 0x06c40000)
 tenured generation   total 91436K, used 76334K [0x09950000, 0x0f29b000, 0x14400000)
   the space 91436K,  83% used [0x09950000, 0x0e3db8c8, 0x0e3dba00, 0x0f29b000)
 Metaspace       used 13058K, capacity 13191K, committed 13312K, reserved 13696K
Event: 8.535 GC heap after
Heap after GC invocations=69 (full 7):
 def new generation   total 41216K, used 1782K [0x04400000, 0x070b0000, 0x09950000)
  eden space 36672K,   0% used [0x04400000, 0x04400000, 0x067d0000)
  from space 4544K,  39% used [0x067d0000, 0x0698da58, 0x06c40000)
  to   space 4544K,   0% used [0x06c40000, 0x06c40000, 0x070b0000)
 tenured generation   total 91436K, used 79656K [0x09950000, 0x0f29b000, 0x14400000)
   the space 91436K,  87% used [0x09950000, 0x0e71a1f0, 0x0e71a200, 0x0f29b000)
 Metaspace       used 13058K, capacity 13191K, committed 13312K, reserved 13696K
}
Event: 8.753 GC heap before
{Heap before GC invocations=69 (full 7):
 def new generation   total 41216K, used 38454K [0x04400000, 0x070b0000, 0x09950000)
  eden space 36672K, 100% used [0x04400000, 0x067d0000, 0x067d0000)
  from space 4544K,  39% used [0x067d0000, 0x0698da58, 0x06c40000)
  to   space 4544K,   0% used [0x06c40000, 0x06c40000, 0x070b0000)
 tenured generation   total 91436K, used 79656K [0x09950000, 0x0f29b000, 0x14400000)
   the space 91436K,  87% used [0x09950000, 0x0e71a1f0, 0x0e71a200, 0x0f29b000)
 Metaspace       used 13292K, capacity 13415K, committed 13440K, reserved 13696K
Event: 8.758 GC heap after
Heap after GC invocations=70 (full 7):
 def new generation   total 41216K, used 2756K [0x04400000, 0x070b0000, 0x09950000)
  eden space 36672K,   0% used [0x04400000, 0x04400000, 0x067d0000)
  from space 4544K,  60% used [0x06c40000, 0x06ef1030, 0x070b0000)
  to   space 4544K,   0% used [0x067d0000, 0x067d0000, 0x06c40000)
 tenured generation   total 91436K, used 79656K [0x09950000, 0x0f29b000, 0x14400000)
   the space 91436K,  87% used [0x09950000, 0x0e71a1f0, 0x0e71a200, 0x0f29b000)
 Metaspace       used 13292K, capacity 13415K, committed 13440K, reserved 13696K
}
Event: 9.171 GC heap before
{Heap before GC invocations=70 (full 7):
 def new generation   total 41216K, used 23146K [0x04400000, 0x070b0000, 0x09950000)
  eden space 36672K,  55% used [0x04400000, 0x057e9ad0, 0x067d0000)
  from space 4544K,  60% used [0x06c40000, 0x06ef1030, 0x070b0000)
  to   space 4544K,   0% used [0x067d0000, 0x067d0000, 0x06c40000)
 tenured generation   total 91436K, used 79656K [0x09950000, 0x0f29b000, 0x14400000)
   the space 91436K,  87% used [0x09950000, 0x0e71a1f0, 0x0e71a200, 0x0f29b000)
 Metaspace       used 13292K, capacity 13415K, committed 13440K, reserved 13696K
Event: 9.175 GC heap after
Heap after GC invocations=71 (full 7):
 def new generation   total 41216K, used 2497K [0x04400000, 0x070b0000, 0x09950000)
  eden space 36672K,   0% used [0x04400000, 0x04400000, 0x067d0000)
  from space 4544K,  54% used [0x067d0000, 0x06a40520, 0x06c40000)
  to   space 4544K,   0% used [0x06c40000, 0x06c40000, 0x070b0000)
 tenured generation   total 91436K, used 79827K [0x09950000, 0x0f29b000, 0x14400000)
   the space 91436K,  87% used [0x09950000, 0x0e744d88, 0x0e744e00, 0x0f29b000)
 Metaspace       used 13292K, capacity 13415K, committed 13440K, reserved 13696K
}
Event: 9.194 GC heap before
{Heap before GC invocations=71 (full 7):
 def new generation   total 41216K, used 39169K [0x04400000, 0x070b0000, 0x09950000)
  eden space 36672K, 100% used [0x04400000, 0x067d0000, 0x067d0000)
  from space 4544K,  54% used [0x067d0000, 0x06a40520, 0x06c40000)
  to   space 4544K,   0% used [0x06c40000, 0x06c40000, 0x070b0000)
 tenured generation   total 91436K, used 79827K [0x09950000, 0x0f29b000, 0x14400000)
   the space 91436K,  87% used [0x09950000, 0x0e744d88, 0x0e744e00, 0x0f29b000)
 Metaspace       used 13292K, capacity 13415K, committed 13440K, reserved 13696K
Event: 9.198 GC heap after
Heap after GC invocations=72 (full 7):
 def new generation   total 41216K, used 1012K [0x04400000, 0x070b0000, 0x09950000)
  eden space 36672K,   0% used [0x04400000, 0x04400000, 0x067d0000)
  from space 4544K,  22% used [0x06c40000, 0x06d3d040, 0x070b0000)
  to   space 4544K,   0% used [0x067d0000, 0x067d0000, 0x06c40000)
 tenured generation   total 91436K, used 81060K [0x09950000, 0x0f29b000, 0x14400000)
   the space 91436K,  88% used [0x09950000, 0x0e879020, 0x0e879200, 0x0f29b000)
 Metaspace       used 13292K, capacity 13415K, committed 13440K, reserved 13696K
}

